2022-03-24 21:20:33:2033 [35mhttp[39m: [35m::1 - - OPTIONS /user/facebook 204 0 - 2.463 ms[39m
[35m[39m
2022-03-24 21:20:33:2033 [35mhttp[39m: [35m::1 - - POST /user/facebook 404 47 - 46.236 ms[39m
[35m[39m
2022-03-24 21:20:33:2033 [35mhttp[39m: [35m::1 - - GET /user/facebook 302 0 - 74.297 ms[39m
[35m[39m
2022-03-24 21:20:34:2034 [35mhttp[39m: [35m::1 - - GET /facebook/callback?code=AQA6Kxo6Tc2GY0pGZjPkBngsxMQ4A7uncXUc1H1z3EtytwGEg8YnZjgg5irVQ90F03qEMJt0vno_H6DT_JFekp3e5ggppMnFPdHbmbL9ywcfIdtYriPOgtlVfMkMOOYPTbrnYYt5b-koDWitk01K8yL9M5r15bBX_FGZDP2gVtDDMu3Q5PPYP-iz60hVDEIj54GzLTh28hDRFciato6CC84CKezmI8wnRB6MJS4gdQRROke3lZ4DyoGMuvFMj2WWdUBl6cBXKZwMqnJNH1uKuNiyO49YBvqivFKYNhRGPtW4etvRAI6HImkiWStznyiWU5BbCgr_GlSEW08AyPBuVX4WE3shB1mxMc2hiOQlYrE9QrZHIZQzygUI9kXA6s9ffaI 404 47 - 3.129 ms[39m
[35m[39m
2022-03-24 21:21:18:2118 [35mhttp[39m: [35m::1 - - GET /facebook/callback?code=AQA6Kxo6Tc2GY0pGZjPkBngsxMQ4A7uncXUc1H1z3EtytwGEg8YnZjgg5irVQ90F03qEMJt0vno_H6DT_JFekp3e5ggppMnFPdHbmbL9ywcfIdtYriPOgtlVfMkMOOYPTbrnYYt5b-koDWitk01K8yL9M5r15bBX_FGZDP2gVtDDMu3Q5PPYP-iz60hVDEIj54GzLTh28hDRFciato6CC84CKezmI8wnRB6MJS4gdQRROke3lZ4DyoGMuvFMj2WWdUBl6cBXKZwMqnJNH1uKuNiyO49YBvqivFKYNhRGPtW4etvRAI6HImkiWStznyiWU5BbCgr_GlSEW08AyPBuVX4WE3shB1mxMc2hiOQlYrE9QrZHIZQzygUI9kXA6s9ffaI 404 47 - 20.176 ms[39m
[35m[39m
2022-03-24 21:21:21:2121 [35mhttp[39m: [35m::1 - - GET /facebook/callback?code=AQA6Kxo6Tc2GY0pGZjPkBngsxMQ4A7uncXUc1H1z3EtytwGEg8YnZjgg5irVQ90F03qEMJt0vno_H6DT_JFekp3e5ggppMnFPdHbmbL9ywcfIdtYriPOgtlVfMkMOOYPTbrnYYt5b-koDWitk01K8yL9M5r15bBX_FGZDP2gVtDDMu3Q5PPYP-iz60hVDEIj54GzLTh28hDRFciato6CC84CKezmI8wnRB6MJS4gdQRROke3lZ4DyoGMuvFMj2WWdUBl6cBXKZwMqnJNH1uKuNiyO49YBvqivFKYNhRGPtW4etvRAI6HImkiWStznyiWU5BbCgr_GlSEW08AyPBuVX4WE3shB1mxMc2hiOQlYrE9QrZHIZQzygUI9kXA6s9ffaI 404 47 - 1.257 ms[39m
[35m[39m
2022-03-24 21:21:27:2127 [35mhttp[39m: [35m::1 - - GET /search-car/location 304 - - 576.164 ms[39m
[35m[39m
2022-03-24 21:21:30:2130 [35mhttp[39m: [35m::1 - - OPTIONS /user/facebook 204 0 - 0.537 ms[39m
[35m[39m
2022-03-24 21:21:30:2130 [35mhttp[39m: [35m::1 - - POST /user/facebook 404 47 - 66.421 ms[39m
[35m[39m
2022-03-24 21:21:30:2130 [35mhttp[39m: [35m::1 - - GET /user/facebook 302 0 - 3.602 ms[39m
[35m[39m
2022-03-24 21:21:31:2131 [35mhttp[39m: [35m::1 - - GET /auth/facebook/callback?code=AQBW1tWZXcsAmkUJ-R_XgkWYVlct9Z0diYVWeSR-yILYLIAbvXagEQwo3s4Q6HqViXA5mKbeH95qLcZy7Asvm1mbN9fGp0OyzTeQIrk1bDdXyn40D0KTBQzge1vH_cnvVJFBXnUdvJmTi3gnEk67zusT4mtwuuiJzdqzTj-k0IRNwiZgPKC1q1_ihUTcu-kok2ThFP1NakfG2PIsYdYrj4V_BQmscPiZC2umYGDNsO7MpSxhJiWOziSDcx3D8mSi6ctpScX__OwA7AJpJA4AIzni9bJVOSDyUACMk9emcvPJfAGKyVzVNvmbAHD67UIareTrYg4bJ5_wWNjIExElrXu84nq7CMMICZteIvrBsphQQUZXhOdoD-Xu-Wi8n968gcM 404 47 - 7.540 ms[39m
[35m[39m
2022-03-24 21:22:13:2213 [35mhttp[39m: [35m::1 - - GET /search-car/location 304 - - 89.546 ms[39m
[35m[39m
2022-03-24 21:22:19:2219 [35mhttp[39m: [35m::1 - - OPTIONS /user/facebook 204 0 - 0.856 ms[39m
[35m[39m
2022-03-24 21:22:19:2219 [35mhttp[39m: [35m::1 - - POST /user/facebook 404 47 - 58.003 ms[39m
[35m[39m
2022-03-24 21:22:19:2219 [35mhttp[39m: [35m::1 - - GET /user/facebook 302 0 - 4.881 ms[39m
[35m[39m
2022-03-24 21:22:21:2221 [35mhttp[39m: [35m::1 - - POST /user/facebook 404 47 - 1.599 ms[39m
[35m[39m
2022-03-24 21:22:22:2222 [35mhttp[39m: [35m::1 - - GET /user/facebook/callback?code=AQBAhpEu79rk6mvfNk6XF0l6uiSbb3H3V-U6JzUQQ5gQC7CwxBZSh_WhW84tI3s-wp5pvNXf9DIfLEM2MsO3pL6g1XVUCNqc4awioVqwGke3nO0pmtApDRV4o4VnXjsjKv1oBvfIDlEJu60EIhmX9BCZifKNogWYuAqH2EiD7tf2h26ObBx-Qlmm6lmJb1TneudGa7O6mvh2o46wBDg4YSEVBZJuwv3rHyEzpwp7WWGUxIj1JXRd_233loAwmIMb1UveEVyJ-nWPcubfbnbnlUNGqg0EZ5nlsdnTN2jd44D88O4TLTmVeTRkv9JMdYFJ2FCjfpYPrDfb1T5gkAbBm4_Ef9Z13HhRay-HIZuv1IR5zbJbL-83TaKWyScB0baPYnk 302 88 - 1508.566 ms[39m
[35m[39m
2022-03-24 21:22:23:2223 [35mhttp[39m: [35m::1 - - GET /search-car/location 304 - - 47.729 ms[39m
[35m[39m
2022-03-24 21:27:34:2734 [35mhttp[39m: [35m::1 - - OPTIONS /user/facebook 204 0 - 1.095 ms[39m
[35m[39m
2022-03-24 21:27:34:2734 [35mhttp[39m: [35m::1 - - POST /user/facebook 404 47 - 43.204 ms[39m
[35m[39m
2022-03-24 21:27:34:2734 [35mhttp[39m: [35m::1 - - GET /user/facebook 302 0 - 6.089 ms[39m
[35m[39m
2022-03-24 21:27:37:2737 [35mhttp[39m: [35m::1 - - POST /user/facebook 404 47 - 6.049 ms[39m
[35m[39m
2022-03-24 21:27:37:2737 [35mhttp[39m: [35m::1 - - GET /user/facebook/callback?code=AQA9Sb8xGm-jAYku88wRdk_-jH_L2-KO2qYzuJ1h3ij1xKZMMU7VwX3lhiNvoGdITKO_snWWvjUsMg4rUlxiiommVzGmrtu9SFw0VHFcAmKFroVLGSiTO7YowdTLxfe0ABpDH784PMFbO6grADTw9sM6xk8X2dChzU9uNHd_BVtDkpAnB7Y9bvF2dr1HygJB2QMjfT9jLhMwuWL0Mg6_MciJCIPgTqyHkZwLjBSFtglnWMDNsNkLitoA_FyPF8MA9qWtSrZtSg3Dgflv6DcRa6eh_IgejfCFQuSVBTux87nmN3JsqoAbrGf5TwLY-LEQ16mole5hfH4maXUnya7Y84jNCKaX7gfqVPgxT9iLoEyhjIz41yAYE_20FwOIXCvioNE 500 42 - 1508.888 ms[39m
[35m[39m
2022-03-24 21:28:00:280 [35mhttp[39m: [35m::1 - - GET /search-car/location 304 - - 20.784 ms[39m
[35m[39m
2022-03-24 21:28:40:2840 [35mhttp[39m: [35m::1 - - OPTIONS /user/facebook 204 0 - 0.929 ms[39m
[35m[39m
2022-03-24 21:28:40:2840 [35mhttp[39m: [35m::1 - - POST /user/facebook 404 47 - 3.412 ms[39m
[35m[39m
2022-03-24 21:28:40:2840 [35mhttp[39m: [35m::1 - - GET /user/facebook 302 0 - 12.240 ms[39m
[35m[39m
2022-03-24 21:29:28:2928 [35mhttp[39m: [35m::1 - - GET /user/facebook/callback?code=AQCbYo4EerzfnAyPXHGnVGLufDMM7e1harvI9Z_Fv24Q11VL3ilH-aowT3z7e8JtoDV8penv-hZ1IjuGwlJv-UZbdW7zCypN9VEMFMXMUcty8AW9FnnHZmdmNlKWMTfg3IhA-pHLs3b6Wu5k9SSy_00eLqf-iWiD1JNAbF9vHcyiN7z8eN348JWREK4fgkjZMn9O9GPECklv47RliKICdtUDoHY7yFoyoNY6c_eLb0FdPomEdFpHofdWFvBHixDiDAS65KJfxD8LErp3YHwKpfLOUaF27N9ouvqePZBdYYKkV95Ewq1y-RQXY_wr8j4iyV7l0AY1JvFi4c1JyjiyE-7tmwq8yLkjJMijYDe96kRwA2hCXXgEZlWZFLw8bO7TTX8 302 88 - 1435.667 ms[39m
[35m[39m
2022-03-24 21:29:30:2930 [35mhttp[39m: [35m::1 - - OPTIONS /search-car/location 204 0 - 0.149 ms[39m
[35m[39m
2022-03-24 21:29:30:2930 [35mhttp[39m: [35m::1 - - GET /search-car/location 304 - - 10.553 ms[39m
[35m[39m
2022-03-24 21:30:30:3030 [35mhttp[39m: [35m::1 - - GET /search-car/location 304 - - 39.021 ms[39m
[35m[39m
2022-03-24 21:30:35:3035 [35mhttp[39m: [35m::1 - - OPTIONS /user/facebook 204 0 - 4.654 ms[39m
[35m[39m
2022-03-24 21:30:35:3035 [35mhttp[39m: [35m::1 - - POST /user/facebook 404 47 - 1.607 ms[39m
[35m[39m
2022-03-24 21:30:35:3035 [35mhttp[39m: [35m::1 - - GET /user/facebook 302 0 - 2.102 ms[39m
[35m[39m
2022-03-24 21:30:36:3036 [35mhttp[39m: [35m::1 - - POST /user/facebook 404 47 - 0.735 ms[39m
[35m[39m
2022-03-24 21:30:36:3036 [35mhttp[39m: [35m::1 - - GET /user/facebook/callback?code=AQCMrDsmXYIkwoH0MVmWtiu9QrGwcN6khulCvof9ZJC7nJChQdf7R7B0xOfSBQYxtzpaLQ1TK3a4FhwIrXtNQuXpgIzesTour-HgL5WxRjcWpXfY_ez67iGO4BQLKLfJbZJGFKlP1SbZWXZAOtYfagwvfwmMdpKUxLgYUQ8vmVqhIf4qrXxF7108pMBPESD2BSg5XiVyS_fwXFmLncaJnWVjw7j3V8dTKbNByoB1q9INgtmt-sbU6UIKs3SWAS3OFrev8Tyej-k7a-BNVOt6zMCryRANLsbx1BqK1dK2lPBzDHc2F2MXNu_j1FJMkTmewiUWd7ukUJp-aFKRr-l_0XRUnw41iD_Z1D5IVMggShkLcpBwi--kq3hbvsMB5b_BQM0 302 88 - 1118.568 ms[39m
[35m[39m
2022-03-24 21:30:38:3038 [35mhttp[39m: [35m::1 - - OPTIONS /search-car/location 204 0 - 0.155 ms[39m
[35m[39m
2022-03-24 21:30:38:3038 [35mhttp[39m: [35m::1 - - GET /search-car/location 304 - - 9.272 ms[39m
[35m[39m
2022-03-24 21:30:46:3046 [35mhttp[39m: [35m::1 - - OPTIONS /booking/booking-list?booking_status=%E0%B8%8A%E0%B8%B3%E0%B8%A3%E0%B8%B0%E0%B9%80%E0%B8%87%E0%B8%B4%E0%B8%99%E0%B9%81%E0%B8%A5%E0%B9%89%E0%B8%A7&offset=0 204 0 - 0.125 ms[39m
[35m[39m
2022-03-24 21:30:46:3046 [35mhttp[39m: [35m::1 - - GET /booking/booking-list?booking_status=%E0%B8%8A%E0%B8%B3%E0%B8%A3%E0%B8%B0%E0%B9%80%E0%B8%87%E0%B8%B4%E0%B8%99%E0%B9%81%E0%B8%A5%E0%B9%89%E0%B8%A7&offset=0 500 32 - 55.125 ms[39m
[35m[39m
2022-03-24 21:30:49:3049 [35mhttp[39m: [35m::1 - - OPTIONS /search-car/location 204 0 - 0.130 ms[39m
[35m[39m
2022-03-24 21:30:49:3049 [35mhttp[39m: [35m::1 - - GET /search-car/location 304 - - 8.084 ms[39m
[35m[39m
2022-03-25 05:58:55:5855 [35mhttp[39m: [35m::1 - - OPTIONS /search-car/location 204 0 - 35.787 ms[39m
[35m[39m
2022-03-25 05:58:56:5856 [35mhttp[39m: [35m::1 - - GET /search-car/location 304 - - 811.711 ms[39m
[35m[39m
2022-03-25 18:30:28:3028 [35mhttp[39m: [35m::1 - - GET /search-car/location 304 - - 905.321 ms[39m
[35m[39m
2022-03-25 18:31:35:3135 [35mhttp[39m: [35m::1 - - GET /search-car/location 304 - - 16.237 ms[39m
[35m[39m
2022-03-25 18:39:00:390 [35mhttp[39m: [35m::1 - - OPTIONS /user/google 204 0 - 3.619 ms[39m
[35m[39m
2022-03-25 18:39:00:390 [35mhttp[39m: [35m::1 - - POST /user/google 404 47 - 17.757 ms[39m
[35m[39m
2022-03-25 18:39:09:399 [35mhttp[39m: [35m::1 - - GET /search-car/location 304 - - 72.055 ms[39m
[35m[39m
2022-03-25 18:39:14:3914 [35mhttp[39m: [35m::1 - - OPTIONS /user/google 204 0 - 0.948 ms[39m
[35m[39m
2022-03-25 18:39:14:3914 [35mhttp[39m: [35m::1 - - POST /user/google 404 47 - 1.554 ms[39m
[35m[39m
2022-03-25 18:40:06:406 [35mhttp[39m: [35m::1 - - OPTIONS /user/google 204 0 - 0.128 ms[39m
[35m[39m
2022-03-25 18:40:06:406 [35mhttp[39m: [35m::1 - - POST /user/google 404 47 - 1.313 ms[39m
[35m[39m
2022-03-25 18:40:46:4046 [35mhttp[39m: [35m::1 - - GET /search-car/location 304 - - 378.230 ms[39m
[35m[39m
2022-03-25 18:40:58:4058 [35mhttp[39m: [35m::1 - - OPTIONS /user/google 204 0 - 0.786 ms[39m
[35m[39m
2022-03-25 18:40:58:4058 [35mhttp[39m: [35m::1 - - POST /user/google 404 47 - 13.488 ms[39m
[35m[39m
2022-03-25 18:41:02:412 [35mhttp[39m: [35m::1 - - OPTIONS /user/facebook 204 0 - 0.200 ms[39m
[35m[39m
2022-03-25 18:41:02:412 [35mhttp[39m: [35m::1 - - GET /user/facebook 302 0 - 12.004 ms[39m
[35m[39m
2022-03-25 18:41:02:412 [35mhttp[39m: [35m::1 - - POST /user/facebook 404 47 - 2.409 ms[39m
[35m[39m
2022-03-25 18:41:05:415 [35mhttp[39m: [35m::1 - - POST /user/facebook 404 47 - 2.151 ms[39m
[35m[39m
2022-03-25 18:41:05:415 [35mhttp[39m: [35m::1 - - GET /user/facebook/callback?code=AQBGYdNgMpeIuQ-6GFj5PrIgjaNHRdwxpBB9oISDqtFEVtajKbFMNRRVpRX6kv2Kjlj_vBcvFgAeBi0EMaZ7WX4vDXs2SrXgqVNsXU9DWEr1OP3Dq5mWnF6SdIRNwMi-2hDy4pmGP5tQn76lsazX8hY9c9Utp7Rwt0Z8WsODcfxQkdhBasedtSlFb9Zpo8pc4rG9RqrPpWStaFPOelSxCPMHi82-StYKbyZwKxPZx21i6jqGpYztlzN20r51HjPmSz5uGLV1XQrry2IxvAsHc9pcgiJKj3k3QJN8b_74XxZqg5u3-sGBBj_w5Bz40w_hcRgFaeEfjPJvOkiuonurFZtAz57hWooZbWvJN-lxGWE9YME32nFZpUcma19id42TplI 302 88 - 1406.371 ms[39m
[35m[39m
2022-03-25 18:41:06:416 [35mhttp[39m: [35m::1 - - OPTIONS /search-car/location 204 0 - 0.194 ms[39m
[35m[39m
2022-03-25 18:41:06:416 [35mhttp[39m: [35m::1 - - GET /search-car/location 304 - - 9.743 ms[39m
[35m[39m
2022-03-25 18:41:16:4116 [35mhttp[39m: [35m::1 - - GET /search-car/location 304 - - 7.678 ms[39m
[35m[39m
2022-03-25 18:41:26:4126 [35mhttp[39m: [35m::1 - - OPTIONS /user/google 204 0 - 0.104 ms[39m
[35m[39m
2022-03-25 18:41:26:4126 [35mhttp[39m: [35m::1 - - POST /user/google 404 47 - 0.758 ms[39m
[35m[39m
2022-03-25 18:43:24:4324 [35mhttp[39m: [35m::1 - - OPTIONS /user/google 204 0 - 0.720 ms[39m
[35m[39m
2022-03-25 18:43:24:4324 [35mhttp[39m: [35m::1 - - POST /user/google 404 47 - 3.077 ms[39m
[35m[39m
2022-03-25 18:46:42:4642 [35mhttp[39m: [35m::1 - - GET /search-car/location 304 - - 65.498 ms[39m
[35m[39m
2022-03-25 18:54:38:5438 [35mhttp[39m: [35m::1 - - OPTIONS /user/google 204 0 - 13.854 ms[39m
[35m[39m
2022-03-25 18:54:38:5438 [35mhttp[39m: [35m::1 - - POST /user/google 404 47 - 16.892 ms[39m
[35m[39m
2022-03-25 18:55:35:5535 [35mhttp[39m: [35m::1 - - OPTIONS /user/google 204 0 - 0.803 ms[39m
[35m[39m
2022-03-25 18:55:35:5535 [35mhttp[39m: [35m::1 - - POST /user/google 404 47 - 11.892 ms[39m
[35m[39m
2022-03-25 18:58:52:5852 [35mhttp[39m: [35m::1 - - OPTIONS /user/google 204 0 - 0.761 ms[39m
[35m[39m
2022-03-25 18:58:52:5852 [35mhttp[39m: [35m::1 - - POST /user/google 404 47 - 2.909 ms[39m
[35m[39m
2022-03-25 18:58:56:5856 [35mhttp[39m: [35m::1 - - POST /user/google 404 47 - 2.171 ms[39m
[35m[39m
2022-03-25 18:59:58:5958 [35mhttp[39m: [35m::1 - - OPTIONS /user/google 204 0 - 0.197 ms[39m
[35m[39m
2022-03-25 18:59:59:5959 [35mhttp[39m: [35m::1 - - POST /user/google 404 47 - 0.884 ms[39m
[35m[39m
2022-03-25 19:03:38:338 [35mhttp[39m: [35m::1 - - GET /user/google 302 0 - 36.191 ms[39m
[35m[39m
2022-03-25 19:03:39:339 [35mhttp[39m: [35m::1 - - GET /user/google/callback?code=4%2F0AX4XfWi5TocECqoZD1ViajB674aCPGFmZmOlWEMOLG3P3IOWhQpuqLuEbG4MM69QL56QxA&scope=email+profile+openid+https%3A%2F%2Fwww.googleapis.com%2Fauth%2Fuserinfo.email+https%3A%2F%2Fwww.googleapis.com%2Fauth%2Fuserinfo.profile&authuser=0&prompt=none 302 88 - 1009.175 ms[39m
[35m[39m
2022-03-25 19:03:41:341 [35mhttp[39m: [35m::1 - - OPTIONS /search-car/location 204 0 - 0.108 ms[39m
[35m[39m
2022-03-25 19:03:41:341 [35mhttp[39m: [35m::1 - - GET /search-car/location 304 - - 13.187 ms[39m
[35m[39m
2022-03-25 19:03:59:359 [35mhttp[39m: [35m::1 - - GET /search-car/location 304 - - 28.330 ms[39m
[35m[39m
2022-03-25 19:04:08:48 [35mhttp[39m: [35m::1 - - OPTIONS /user/google 204 0 - 0.471 ms[39m
[35m[39m
2022-03-25 19:04:08:48 [35mhttp[39m: [35m::1 - - POST /user/google 404 47 - 0.897 ms[39m
[35m[39m
2022-03-25 19:05:14:514 [35mhttp[39m: [35m::1 - - OPTIONS /user/google 204 0 - 0.830 ms[39m
[35m[39m
2022-03-25 19:05:14:514 [35mhttp[39m: [35m::1 - - POST /user/google 404 47 - 3.081 ms[39m
[35m[39m
2022-03-25 19:05:29:529 [35mhttp[39m: [35m::1 - - OPTIONS /user/google 204 0 - 0.177 ms[39m
[35m[39m
2022-03-25 19:05:29:529 [35mhttp[39m: [35m::1 - - POST /user/google 404 47 - 4.500 ms[39m
[35m[39m
2022-03-25 19:05:32:532 [35mhttp[39m: [35m::1 - - POST /user/google 404 47 - 0.673 ms[39m
[35m[39m
2022-03-25 19:05:34:534 [35mhttp[39m: [35m::1 - - OPTIONS /user/google 204 0 - 0.124 ms[39m
[35m[39m
2022-03-25 19:05:34:534 [35mhttp[39m: [35m::1 - - POST /user/google 404 47 - 0.735 ms[39m
[35m[39m
2022-03-25 19:06:03:63 [35mhttp[39m: [35m::1 - - OPTIONS /user/google 204 0 - 0.145 ms[39m
[35m[39m
2022-03-25 19:06:03:63 [35mhttp[39m: [35m::1 - - POST /user/google 404 47 - 2.375 ms[39m
[35m[39m
2022-03-25 19:06:09:69 [35mhttp[39m: [35m::1 - - OPTIONS /user/google 204 0 - 0.272 ms[39m
[35m[39m
2022-03-25 19:06:09:69 [35mhttp[39m: [35m::1 - - POST /user/google 404 47 - 1.565 ms[39m
[35m[39m
2022-03-25 19:06:31:631 [35mhttp[39m: [35m::1 - - OPTIONS /user/google 204 0 - 0.142 ms[39m
[35m[39m
2022-03-25 19:06:31:631 [35mhttp[39m: [35m::1 - - POST /user/google 404 47 - 2.899 ms[39m
[35m[39m
2022-03-25 19:06:48:648 [35mhttp[39m: [35m::1 - - OPTIONS /user/google 204 0 - 0.107 ms[39m
[35m[39m
2022-03-25 19:06:48:648 [35mhttp[39m: [35m::1 - - POST /user/google 404 47 - 6.733 ms[39m
[35m[39m
2022-03-25 19:07:17:717 [35mhttp[39m: [35m::1 - - GET /user/google 302 0 - 5.436 ms[39m
[35m[39m
2022-03-25 19:07:18:718 [35mhttp[39m: [35m::1 - - GET /user/google/callback?code=4%2F0AX4XfWj97EcOKkNxzmiTNGH2-M4XrBJJnElPYcaSsm-kJcJNP1Pph0Afk80zmKS8UKbRvA&scope=email+profile+https%3A%2F%2Fwww.googleapis.com%2Fauth%2Fuserinfo.profile+https%3A%2F%2Fwww.googleapis.com%2Fauth%2Fuserinfo.email+openid&authuser=0&prompt=none 302 88 - 753.560 ms[39m
[35m[39m
2022-03-25 19:07:20:720 [35mhttp[39m: [35m::1 - - OPTIONS /search-car/location 204 0 - 0.108 ms[39m
[35m[39m
2022-03-25 19:07:21:721 [35mhttp[39m: [35m::1 - - GET /search-car/location 304 - - 15.795 ms[39m
[35m[39m
2022-03-25 19:07:31:731 [35mhttp[39m: [35m::1 - - GET /search-car/location 304 - - 16.052 ms[39m
[35m[39m
2022-03-25 19:07:51:751 [35mhttp[39m: [35m::1 - - OPTIONS /user/google 204 0 - 0.162 ms[39m
[35m[39m
2022-03-25 19:07:51:751 [35mhttp[39m: [35m::1 - - POST /user/google 404 47 - 0.936 ms[39m
[35m[39m
2022-03-25 19:08:00:80 [35mhttp[39m: [35m::1 - - OPTIONS /user/google 204 0 - 0.112 ms[39m
[35m[39m
2022-03-25 19:08:00:80 [35mhttp[39m: [35m::1 - - POST /user/google 404 47 - 0.576 ms[39m
[35m[39m
2022-03-25 19:08:56:856 [35mhttp[39m: [35m::1 - - OPTIONS /user/google 204 0 - 0.128 ms[39m
[35m[39m
2022-03-25 19:08:56:856 [35mhttp[39m: [35m::1 - - POST /user/google 404 47 - 1.425 ms[39m
[35m[39m
2022-03-25 19:09:04:94 [35mhttp[39m: [35m::1 - - OPTIONS /user/google 204 0 - 0.114 ms[39m
[35m[39m
2022-03-25 19:09:04:94 [35mhttp[39m: [35m::1 - - POST /user/google 404 47 - 0.700 ms[39m
[35m[39m
2022-03-25 19:09:39:939 [35mhttp[39m: [35m::1 - - OPTIONS /user/google 204 0 - 0.109 ms[39m
[35m[39m
2022-03-25 19:09:39:939 [35mhttp[39m: [35m::1 - - POST /user/google 404 47 - 0.775 ms[39m
[35m[39m
2022-03-25 19:10:16:1016 [35mhttp[39m: [35m::1 - - OPTIONS /user/google 204 0 - 0.111 ms[39m
[35m[39m
2022-03-25 19:10:16:1016 [35mhttp[39m: [35m::1 - - POST /user/google 404 47 - 0.666 ms[39m
[35m[39m
2022-03-25 19:10:32:1032 [35mhttp[39m: [35m::1 - - GET /search-car/location 304 - - 60.262 ms[39m
[35m[39m
2022-03-25 19:10:40:1040 [35mhttp[39m: [35m::1 - - OPTIONS /user/google 204 0 - 0.117 ms[39m
[35m[39m
2022-03-25 19:10:40:1040 [35mhttp[39m: [35m::1 - - POST /user/google 404 47 - 0.552 ms[39m
[35m[39m
2022-03-25 19:10:54:1054 [35mhttp[39m: [35m::1 - - OPTIONS /user/google 204 0 - 0.150 ms[39m
[35m[39m
2022-03-25 19:10:54:1054 [35mhttp[39m: [35m::1 - - POST /user/google 404 47 - 18.535 ms[39m
[35m[39m
2022-03-25 19:11:31:1131 [35mhttp[39m: [35m::1 - - OPTIONS /user/google 204 0 - 1.737 ms[39m
[35m[39m
2022-03-25 19:11:31:1131 [35mhttp[39m: [35m::1 - - POST /user/google 404 47 - 1.263 ms[39m
[35m[39m
2022-03-25 19:11:49:1149 [35mhttp[39m: [35m::1 - - OPTIONS /user/google 204 0 - 0.138 ms[39m
[35m[39m
2022-03-25 19:11:49:1149 [35mhttp[39m: [35m::1 - - POST /user/google 404 47 - 0.668 ms[39m
[35m[39m
2022-03-25 19:12:12:1212 [35mhttp[39m: [35m::1 - - OPTIONS /user/google 204 0 - 0.122 ms[39m
[35m[39m
2022-03-25 19:12:12:1212 [35mhttp[39m: [35m::1 - - POST /user/google 404 47 - 0.693 ms[39m
[35m[39m
2022-03-25 19:12:30:1230 [35mhttp[39m: [35m::1 - - OPTIONS /user/google 204 0 - 0.307 ms[39m
[35m[39m
2022-03-25 19:12:30:1230 [35mhttp[39m: [35m::1 - - POST /user/google 404 47 - 1.932 ms[39m
[35m[39m
2022-03-25 19:13:10:1310 [35mhttp[39m: [35m::1 - - GET /search-car/location 304 - - 402.220 ms[39m
[35m[39m
2022-03-25 19:13:42:1342 [35mhttp[39m: [35m::1 - - OPTIONS /user/google 204 0 - 0.472 ms[39m
[35m[39m
2022-03-25 19:13:42:1342 [35mhttp[39m: [35m::1 - - POST /user/google 404 47 - 12.298 ms[39m
[35m[39m
2022-03-25 19:14:26:1426 [35mhttp[39m: [35m::1 - - OPTIONS /user/google 204 0 - 0.198 ms[39m
[35m[39m
2022-03-25 19:14:26:1426 [35mhttp[39m: [35m::1 - - POST /user/google 404 47 - 1.383 ms[39m
[35m[39m
2022-03-25 19:14:38:1438 [35mhttp[39m: [35m::1 - - OPTIONS /user/google 204 0 - 0.111 ms[39m
[35m[39m
2022-03-25 19:14:38:1438 [35mhttp[39m: [35m::1 - - POST /user/google 404 47 - 0.762 ms[39m
[35m[39m
2022-03-25 19:15:06:156 [35mhttp[39m: [35m::1 - - OPTIONS /user/google 204 0 - 0.184 ms[39m
[35m[39m
2022-03-25 19:15:06:156 [35mhttp[39m: [35m::1 - - POST /user/google 404 47 - 1.027 ms[39m
[35m[39m
2022-03-25 19:15:50:1550 [35mhttp[39m: [35m::1 - - OPTIONS /user/google 204 0 - 0.140 ms[39m
[35m[39m
2022-03-25 19:15:50:1550 [35mhttp[39m: [35m::1 - - POST /user/google 404 47 - 0.730 ms[39m
[35m[39m
2022-03-25 19:16:22:1622 [35mhttp[39m: [35m::1 - - OPTIONS /user/google 204 0 - 0.117 ms[39m
[35m[39m
2022-03-25 19:16:22:1622 [35mhttp[39m: [35m::1 - - POST /user/google 404 47 - 2.532 ms[39m
[35m[39m
2022-03-25 19:16:31:1631 [35mhttp[39m: [35m::1 - - OPTIONS /user/google 204 0 - 0.717 ms[39m
[35m[39m
2022-03-25 19:16:31:1631 [35mhttp[39m: [35m::1 - - POST /user/google 404 47 - 2.022 ms[39m
[35m[39m
2022-03-25 19:17:14:1714 [35mhttp[39m: [35m::1 - - OPTIONS /user/google 204 0 - 0.130 ms[39m
[35m[39m
2022-03-25 19:17:14:1714 [35mhttp[39m: [35m::1 - - POST /user/google 404 47 - 1.036 ms[39m
[35m[39m
2022-03-25 19:17:18:1718 [35mhttp[39m: [35m::1 - - POST /user/google 404 47 - 1.412 ms[39m
[35m[39m
2022-03-25 19:17:36:1736 [35mhttp[39m: [35m::1 - - OPTIONS /user/google 204 0 - 0.121 ms[39m
[35m[39m
2022-03-25 19:17:36:1736 [35mhttp[39m: [35m::1 - - POST /user/google 404 47 - 1.013 ms[39m
[35m[39m
2022-03-25 19:18:13:1813 [35mhttp[39m: [35m::1 - - GET /search-car/location 200 22153 - 27.331 ms[39m
[35m[39m
2022-03-25 19:18:27:1827 [35mhttp[39m: [35m::1 - - GET /user/google 302 0 - 3.515 ms[39m
[35m[39m
2022-03-25 19:18:34:1834 [35mhttp[39m: [35m::1 - - GET /user/google/callback?code=4%2F0AX4XfWjMM7XJ51EkMbpfBQwaCUXlHsgjYJ2I3LYV8zTOUAuGtCadrfrGIYThWHWjVdHLRw&scope=email+profile+https%3A%2F%2Fwww.googleapis.com%2Fauth%2Fuserinfo.profile+https%3A%2F%2Fwww.googleapis.com%2Fauth%2Fuserinfo.email+openid&authuser=0&prompt=consent 302 88 - 852.563 ms[39m
[35m[39m
2022-03-25 19:18:36:1836 [35mhttp[39m: [35m::1 - - OPTIONS /search-car/location 204 0 - 0.146 ms[39m
[35m[39m
2022-03-25 19:18:36:1836 [35mhttp[39m: [35m::1 - - GET /search-car/location 304 - - 8.631 ms[39m
[35m[39m
2022-03-25 19:18:51:1851 [35mhttp[39m: [35m::1 - - GET /search-car/location 304 - - 12.841 ms[39m
[35m[39m
2022-03-25 19:19:00:190 [35mhttp[39m: [35m::1 - - OPTIONS /user/google 204 0 - 0.128 ms[39m
[35m[39m
2022-03-25 19:19:00:190 [35mhttp[39m: [35m::1 - - POST /user/google 404 47 - 0.788 ms[39m
[35m[39m
2022-03-25 19:19:12:1912 [35mhttp[39m: [35m::1 - - OPTIONS /user/google 204 0 - 0.104 ms[39m
[35m[39m
2022-03-25 19:19:12:1912 [35mhttp[39m: [35m::1 - - POST /user/google 404 47 - 0.717 ms[39m
[35m[39m
2022-03-25 19:19:18:1918 [35mhttp[39m: [35m::1 - - OPTIONS /user/google 204 0 - 0.115 ms[39m
[35m[39m
2022-03-25 19:19:18:1918 [35mhttp[39m: [35m::1 - - POST /user/google 404 47 - 0.778 ms[39m
[35m[39m
2022-03-25 19:19:46:1946 [35mhttp[39m: [35m::1 - - OPTIONS /user/google 204 0 - 0.189 ms[39m
[35m[39m
2022-03-25 19:19:46:1946 [35mhttp[39m: [35m::1 - - POST /user/google 404 47 - 0.657 ms[39m
[35m[39m
2022-03-25 19:20:04:204 [35mhttp[39m: [35m::1 - - OPTIONS /user/google 204 0 - 0.134 ms[39m
[35m[39m
2022-03-25 19:20:04:204 [35mhttp[39m: [35m::1 - - POST /user/google 404 47 - 0.962 ms[39m
[35m[39m
2022-03-25 19:20:19:2019 [35mhttp[39m: [35m::1 - - OPTIONS /user/google 204 0 - 0.123 ms[39m
[35m[39m
2022-03-25 19:20:19:2019 [35mhttp[39m: [35m::1 - - POST /user/google 404 47 - 0.653 ms[39m
[35m[39m
2022-03-25 19:22:56:2256 [35mhttp[39m: [35m::1 - - OPTIONS /user/google 204 0 - 0.110 ms[39m
[35m[39m
2022-03-25 19:22:56:2256 [35mhttp[39m: [35m::1 - - POST /user/google 404 47 - 0.821 ms[39m
[35m[39m
2022-03-25 19:23:21:2321 [35mhttp[39m: [35m::1 - - OPTIONS /user/google 204 0 - 1.069 ms[39m
[35m[39m
2022-03-25 19:23:21:2321 [35mhttp[39m: [35m::1 - - POST /user/google 404 47 - 34.540 ms[39m
[35m[39m
2022-03-25 19:23:27:2327 [35mhttp[39m: [35m::1 - - OPTIONS /user/google 204 0 - 0.171 ms[39m
[35m[39m
2022-03-25 19:23:27:2327 [35mhttp[39m: [35m::1 - - POST /user/google 404 47 - 1.435 ms[39m
[35m[39m
2022-03-25 19:24:19:2419 [35mhttp[39m: [35m::1 - - OPTIONS /user/google 204 0 - 0.114 ms[39m
[35m[39m
2022-03-25 19:24:19:2419 [35mhttp[39m: [35m::1 - - POST /user/google 404 47 - 0.743 ms[39m
[35m[39m
2022-03-25 19:25:36:2536 [35mhttp[39m: [35m::1 - - OPTIONS /user/google 204 0 - 0.192 ms[39m
[35m[39m
2022-03-25 19:25:36:2536 [35mhttp[39m: [35m::1 - - POST /user/google 404 47 - 1.006 ms[39m
[35m[39m
2022-03-25 19:26:38:2638 [35mhttp[39m: [35m::1 - - OPTIONS /user/google 204 0 - 6.422 ms[39m
[35m[39m
2022-03-25 19:26:38:2638 [35mhttp[39m: [35m::1 - - POST /user/google 302 0 - 43.078 ms[39m
[35m[39m
2022-03-25 19:29:26:2926 [35mhttp[39m: [35m::1 - - GET /user/google 302 0 - 7.251 ms[39m
[35m[39m
2022-03-25 19:29:32:2932 [35mhttp[39m: [35m::1 - - GET /user/google/callback?code=4%2F0AX4XfWi4CqwL-j2wfGJvCzGuB_VvwugxWE7t8eC4AUgcrLmp3p7zXWODBlqvWWoQWs5F9w&scope=email+profile+https%3A%2F%2Fwww.googleapis.com%2Fauth%2Fuserinfo.profile+https%3A%2F%2Fwww.googleapis.com%2Fauth%2Fuserinfo.email+openid&authuser=0&prompt=consent 302 88 - 802.829 ms[39m
[35m[39m
2022-03-25 19:29:35:2935 [35mhttp[39m: [35m::1 - - OPTIONS /search-car/location 204 0 - 0.569 ms[39m
[35m[39m
2022-03-25 19:29:35:2935 [35mhttp[39m: [35m::1 - - GET /search-car/location 200 22153 - 9.635 ms[39m
[35m[39m
2022-03-25 19:29:41:2941 [35mhttp[39m: [35m::1 - - GET /search-car/location 304 - - 7.077 ms[39m
[35m[39m
2022-03-25 19:29:52:2952 [35mhttp[39m: [35m::1 - - OPTIONS /user/google 204 0 - 0.141 ms[39m
[35m[39m
2022-03-25 19:29:52:2952 [35mhttp[39m: [35m::1 - - POST /user/google 302 0 - 30.545 ms[39m
[35m[39m
2022-03-25 19:30:00:300 [35mhttp[39m: [35m::1 - - OPTIONS /user/google 204 0 - 0.317 ms[39m
[35m[39m
2022-03-25 19:30:00:300 [35mhttp[39m: [35m::1 - - POST /user/google 302 0 - 0.880 ms[39m
[35m[39m
2022-03-25 19:31:03:313 [35mhttp[39m: [35m::1 - - OPTIONS /user/google 204 0 - 0.127 ms[39m
[35m[39m
2022-03-25 19:31:03:313 [35mhttp[39m: [35m::1 - - POST /user/google 302 0 - 0.800 ms[39m
[35m[39m
2022-03-25 19:37:07:377 [35mhttp[39m: [35m::1 - - GET /search-car/location 304 - - 131.700 ms[39m
[35m[39m
2022-03-25 19:37:51:3751 [35mhttp[39m: [35m::1 - - GET /search-car/location 304 - - 25.062 ms[39m
[35m[39m
2022-03-25 19:37:51:3751 [35mhttp[39m: [35m::1 - - GET /search-car/location 304 - - 17.224 ms[39m
[35m[39m
2022-03-25 19:38:43:3843 [35mhttp[39m: [35m::1 - - GET /search-car/location 304 - - 25.418 ms[39m
[35m[39m
2022-03-25 19:38:44:3844 [35mhttp[39m: [35m::1 - - GET /search-car/location 304 - - 6.243 ms[39m
[35m[39m
2022-03-25 19:41:50:4150 [35mhttp[39m: [35m::1 - - OPTIONS /search-car/location 204 0 - 13.013 ms[39m
[35m[39m
2022-03-25 19:41:50:4150 [35mhttp[39m: [35m::1 - - GET /search-car/location 304 - - 46.381 ms[39m
[35m[39m
2022-03-25 19:41:56:4156 [35mhttp[39m: [35m::1 - - OPTIONS /search-car/location 204 0 - 0.205 ms[39m
[35m[39m
2022-03-25 19:41:57:4157 [35mhttp[39m: [35m::1 - - GET /search-car/location 304 - - 41.250 ms[39m
[35m[39m
2022-03-25 19:42:17:4217 [35mhttp[39m: [35m::1 - - OPTIONS /search-car/location 204 0 - 0.163 ms[39m
[35m[39m
2022-03-25 19:42:17:4217 [35mhttp[39m: [35m::1 - - GET /search-car/location 304 - - 19.030 ms[39m
[35m[39m
2022-03-25 19:42:22:4222 [35mhttp[39m: [35m::1 - - GET /search-car/location 304 - - 19.551 ms[39m
[35m[39m
2022-03-25 19:43:42:4342 [35mhttp[39m: [35m::1 - - OPTIONS /search-car/location 204 0 - 1.202 ms[39m
[35m[39m
2022-03-25 19:43:42:4342 [35mhttp[39m: [35m::1 - - GET /search-car/location 304 - - 15.312 ms[39m
[35m[39m
2022-03-25 19:43:47:4347 [35mhttp[39m: [35m::1 - - GET /search-car/location 304 - - 11.047 ms[39m
[35m[39m
2022-03-25 19:46:08:468 [35mhttp[39m: [35m::1 - - OPTIONS /user/google 204 0 - 0.666 ms[39m
[35m[39m
2022-03-25 19:46:09:469 [35mhttp[39m: [35m::1 - - POST /user/google 404 47 - 80.062 ms[39m
[35m[39m
2022-03-25 19:46:43:4643 [35mhttp[39m: [35m::1 - - OPTIONS /user/google 204 0 - 1.416 ms[39m
[35m[39m
2022-03-25 19:46:43:4643 [35mhttp[39m: [35m::1 - - POST /user/google 302 0 - 26.334 ms[39m
[35m[39m
2022-03-25 19:49:05:495 [35mhttp[39m: [35m::1 - - GET /search-car/location 304 - - 221.723 ms[39m
[35m[39m
2022-03-25 19:49:16:4916 [35mhttp[39m: [35m::1 - - OPTIONS /user/google 204 0 - 0.208 ms[39m
[35m[39m
2022-03-25 19:49:16:4916 [35mhttp[39m: [35m::1 - - POST /user/google 302 0 - 1.171 ms[39m
[35m[39m
2022-03-25 19:53:18:5318 [35mhttp[39m: [35m::1 - - OPTIONS /user/google 204 0 - 1.123 ms[39m
[35m[39m
2022-03-25 19:53:18:5318 [35mhttp[39m: [35m::1 - - POST /user/google 302 0 - 29.195 ms[39m
[35m[39m
2022-03-25 19:54:18:5418 [35mhttp[39m: [35m::1 - - OPTIONS /user/google 204 0 - 0.862 ms[39m
[35m[39m
2022-03-25 19:54:18:5418 [35mhttp[39m: [35m::1 - - POST /user/google 302 0 - 3.496 ms[39m
[35m[39m
2022-03-25 19:54:29:5429 [35mhttp[39m: [35m::1 - - OPTIONS /user/google 204 0 - 0.148 ms[39m
[35m[39m
2022-03-25 19:54:29:5429 [35mhttp[39m: [35m::1 - - POST /user/google 302 0 - 0.881 ms[39m
[35m[39m
2022-03-25 19:55:18:5518 [35mhttp[39m: [35m::1 - - OPTIONS /user/google 204 0 - 0.277 ms[39m
[35m[39m
2022-03-25 19:55:18:5518 [35mhttp[39m: [35m::1 - - POST /user/google 302 0 - 0.781 ms[39m
[35m[39m
2022-03-25 19:55:24:5524 [35mhttp[39m: [35m::1 - - OPTIONS /user/google 204 0 - 0.105 ms[39m
[35m[39m
2022-03-25 19:55:24:5524 [35mhttp[39m: [35m::1 - - POST /user/google 302 0 - 0.787 ms[39m
[35m[39m
2022-03-25 19:57:25:5725 [35mhttp[39m: [35m::1 - - GET /search-car/location 304 - - 261.830 ms[39m
[35m[39m
2022-03-25 19:57:25:5725 [35mhttp[39m: [35m::1 - - GET /search-car/location 304 - - 16.650 ms[39m
[35m[39m
2022-03-25 19:57:55:5755 [35mhttp[39m: [35m::1 - - OPTIONS /user/google 204 0 - 2.932 ms[39m
[35m[39m
2022-03-25 19:57:55:5755 [35mhttp[39m: [35m::1 - - POST /user/google 404 47 - 149.580 ms[39m
[35m[39m
2022-03-25 19:58:09:589 [35mhttp[39m: [35m::1 - - OPTIONS /user/google 204 0 - 0.222 ms[39m
[35m[39m
2022-03-25 19:58:09:589 [35mhttp[39m: [35m::1 - - POST /user/google 404 47 - 1.864 ms[39m
[35m[39m
2022-03-25 19:58:34:5834 [35mhttp[39m: [35m::1 - - OPTIONS /user/google 204 0 - 0.186 ms[39m
[35m[39m
2022-03-25 19:58:34:5834 [35mhttp[39m: [35m::1 - - POST /user/google 404 47 - 1.028 ms[39m
[35m[39m
2022-03-25 19:59:09:599 [35mhttp[39m: [35m::1 - - GET /search-car/location 200 22153 - 63.295 ms[39m
[35m[39m
2022-03-25 19:59:09:599 [35mhttp[39m: [35m::1 - - GET /search-car/location 304 - - 6.180 ms[39m
[35m[39m
2022-03-25 19:59:23:5923 [35mhttp[39m: [35m::1 - - OPTIONS /user/google 204 0 - 0.117 ms[39m
[35m[39m
2022-03-25 19:59:23:5923 [35mhttp[39m: [35m::1 - - POST /user/google 404 47 - 0.599 ms[39m
[35m[39m
2022-03-25 20:01:05:15 [35mhttp[39m: [35m::1 - - OPTIONS /user/google 204 0 - 0.311 ms[39m
[35m[39m
2022-03-25 20:01:05:15 [35mhttp[39m: [35m::1 - - POST /user/google 404 47 - 1.840 ms[39m
[35m[39m
2022-03-25 20:01:28:128 [35mhttp[39m: [35m::1 - - OPTIONS /user/google 204 0 - 1.476 ms[39m
[35m[39m
2022-03-25 20:01:28:128 [35mhttp[39m: [35m::1 - - POST /user/google 302 0 - 22.200 ms[39m
[35m[39m
2022-03-25 20:06:34:634 [35mhttp[39m: [35m::1 - - GET /search-car/location 200 22153 - 165.129 ms[39m
[35m[39m
2022-03-25 20:07:13:713 [35mhttp[39m: [35m::1 - - OPTIONS /user/google 204 0 - 0.467 ms[39m
[35m[39m
2022-03-25 20:07:13:713 [35mhttp[39m: [35m::1 - - POST /user/google 404 47 - 11.859 ms[39m
[35m[39m
2022-03-25 20:07:45:745 [35mhttp[39m: [35m::1 - - GET /user/google 302 0 - 17.382 ms[39m
[35m[39m
2022-03-25 20:07:52:752 [35mhttp[39m: [35m::1 - - GET /user/google/callback?code=4%2F0AX4XfWgAXM1WeRcxCOKsDyZuYJMY88u3G3mE-a3L5E-yWNQde0l3_8qKrLX0wIFOY1p0EA&scope=email+profile+https%3A%2F%2Fwww.googleapis.com%2Fauth%2Fuserinfo.profile+https%3A%2F%2Fwww.googleapis.com%2Fauth%2Fuserinfo.email+openid&authuser=0&prompt=consent 302 88 - 753.801 ms[39m
[35m[39m
2022-03-25 20:07:53:753 [35mhttp[39m: [35m::1 - - OPTIONS /search-car/location 204 0 - 0.101 ms[39m
[35m[39m
2022-03-25 20:07:53:753 [35mhttp[39m: [35m::1 - - GET /search-car/location 304 - - 9.447 ms[39m
[35m[39m
2022-03-25 20:08:11:811 [35mhttp[39m: [35m::1 - - GET /search-car/location 304 - - 36.493 ms[39m
[35m[39m
2022-03-25 20:08:19:819 [35mhttp[39m: [35m::1 - - OPTIONS /user/google 204 0 - 0.107 ms[39m
[35m[39m
2022-03-25 20:08:19:819 [35mhttp[39m: [35m::1 - - POST /user/google 404 47 - 1.328 ms[39m
[35m[39m
2022-03-25 20:08:26:826 [35mhttp[39m: [35m::1 - - OPTIONS /user/google 204 0 - 0.944 ms[39m
[35m[39m
2022-03-25 20:08:26:826 [35mhttp[39m: [35m::1 - - POST /user/google 404 47 - 1.097 ms[39m
[35m[39m
2022-03-25 20:08:36:836 [35mhttp[39m: [35m::1 - - GET /user/google 302 0 - 69.500 ms[39m
[35m[39m
2022-03-25 20:08:36:836 [35mhttp[39m: [35m::1 - - GET /user/google/callback?code=4%2F0AX4XfWh3Dbay5co_saI4ekO4h5nFflVC8YBpvK8lEjJzLQ9XDtwnOz3ZgcNrEUmMcPsduA&scope=email+profile+https%3A%2F%2Fwww.googleapis.com%2Fauth%2Fuserinfo.profile+https%3A%2F%2Fwww.googleapis.com%2Fauth%2Fuserinfo.email+openid&authuser=0&prompt=none 302 88 - 579.521 ms[39m
[35m[39m
2022-03-25 20:08:38:838 [35mhttp[39m: [35m::1 - - OPTIONS /search-car/location 204 0 - 0.129 ms[39m
[35m[39m
2022-03-25 20:08:38:838 [35mhttp[39m: [35m::1 - - GET /search-car/location 304 - - 17.031 ms[39m
[35m[39m
2022-03-25 20:08:52:852 [35mhttp[39m: [35m::1 - - GET /search-car/location 304 - - 23.346 ms[39m
[35m[39m
2022-03-25 20:09:04:94 [35mhttp[39m: [35m::1 - - GET /search-car/location 304 - - 94.282 ms[39m
[35m[39m
2022-03-25 20:09:12:912 [35mhttp[39m: [35m::1 - - OPTIONS /user/google 204 0 - 0.140 ms[39m
[35m[39m
2022-03-25 20:09:12:912 [35mhttp[39m: [35m::1 - - POST /user/google 404 47 - 0.772 ms[39m
[35m[39m
2022-03-25 20:09:18:918 [35mhttp[39m: [35m::1 - - GET /user/google 302 0 - 2.950 ms[39m
[35m[39m
2022-03-25 20:09:24:924 [35mhttp[39m: [35m::1 - - GET /user/google/callback?code=4%2F0AX4XfWi--QGaBnQOIcube-TSHfguU4O3jVuc0rxwNozyKekvqzJ4zPNxDY0RcOqWsSmHlA&scope=email+profile+https%3A%2F%2Fwww.googleapis.com%2Fauth%2Fuserinfo.profile+https%3A%2F%2Fwww.googleapis.com%2Fauth%2Fuserinfo.email+openid&authuser=0&prompt=consent 302 88 - 1236.687 ms[39m
[35m[39m
2022-03-25 20:09:25:925 [35mhttp[39m: [35m::1 - - OPTIONS /search-car/location 204 0 - 0.208 ms[39m
[35m[39m
2022-03-25 20:09:25:925 [35mhttp[39m: [35m::1 - - GET /search-car/location 304 - - 19.236 ms[39m
[35m[39m
2022-03-25 20:09:51:951 [35mhttp[39m: [35m::1 - - OPTIONS /search-car/location 204 0 - 0.618 ms[39m
[35m[39m
2022-03-25 20:09:51:951 [35mhttp[39m: [35m::1 - - GET /search-car/location 304 - - 23.429 ms[39m
[35m[39m
2022-03-25 20:10:08:108 [35mhttp[39m: [35m::1 - - GET /search-car/location 304 - - 29.303 ms[39m
[35m[39m
2022-03-25 20:10:59:1059 [35mhttp[39m: [35m::1 - - OPTIONS /user/register 204 0 - 0.230 ms[39m
[35m[39m
2022-03-25 20:10:59:1059 [35mhttp[39m: [35m::1 - - POST /user/register 201 65 - 112.843 ms[39m
[35m[39m
2022-03-25 20:11:03:113 [35mhttp[39m: [35m::1 - - OPTIONS /user/login 204 0 - 0.129 ms[39m
[35m[39m
2022-03-25 20:11:03:113 [35mhttp[39m: [35m::1 - - POST /user/login 400 39 - 4.149 ms[39m
[35m[39m
2022-03-25 20:11:12:1112 [35mhttp[39m: [35m::1 - - OPTIONS /user/login 204 0 - 0.128 ms[39m
[35m[39m
2022-03-25 20:11:12:1112 [35mhttp[39m: [35m::1 - - POST /user/login 400 39 - 5.367 ms[39m
[35m[39m
2022-03-25 20:11:26:1126 [35mhttp[39m: [35m::1 - - OPTIONS /user/login 204 0 - 0.114 ms[39m
[35m[39m
2022-03-25 20:11:26:1126 [35mhttp[39m: [35m::1 - - POST /user/login 200 443 - 91.899 ms[39m
[35m[39m
2022-03-25 20:11:26:1126 [35mhttp[39m: [35m::1 - - OPTIONS /search-car/location 204 0 - 0.110 ms[39m
[35m[39m
2022-03-25 20:11:26:1126 [35mhttp[39m: [35m::1 - - GET /search-car/location 304 - - 6.208 ms[39m
[35m[39m
2022-03-25 20:11:45:1145 [35mhttp[39m: [35m::1 - - OPTIONS /search-car/location 204 0 - 0.099 ms[39m
[35m[39m
2022-03-25 20:11:45:1145 [35mhttp[39m: [35m::1 - - GET /search-car/location 304 - - 12.319 ms[39m
[35m[39m
2022-03-25 20:11:52:1152 [35mhttp[39m: [35m::1 - - GET /search-car/location 304 - - 7.505 ms[39m
[35m[39m
2022-03-25 20:11:55:1155 [35mhttp[39m: [35m::1 - - OPTIONS /user/login 204 0 - 0.128 ms[39m
[35m[39m
2022-03-25 20:11:55:1155 [35mhttp[39m: [35m::1 - - POST /user/login 400 39 - 8.619 ms[39m
[35m[39m
2022-03-25 20:12:04:124 [35mhttp[39m: [35m::1 - - OPTIONS /user/login 204 0 - 0.127 ms[39m
[35m[39m
2022-03-25 20:12:04:124 [35mhttp[39m: [35m::1 - - POST /user/login 400 39 - 2.059 ms[39m
[35m[39m
2022-03-25 20:12:09:129 [35mhttp[39m: [35m::1 - - OPTIONS /user/login 204 0 - 0.103 ms[39m
[35m[39m
2022-03-25 20:12:09:129 [35mhttp[39m: [35m::1 - - POST /user/login 200 445 - 83.677 ms[39m
[35m[39m
2022-03-25 20:12:10:1210 [35mhttp[39m: [35m::1 - - OPTIONS /admin/customer?offset=0 204 0 - 0.093 ms[39m
[35m[39m
2022-03-25 20:12:10:1210 [35mhttp[39m: [35m::1 - - GET /admin/customer?offset=0 200 1431 - 30.455 ms[39m
[35m[39m
2022-03-25 20:12:16:1216 [35mhttp[39m: [35m::1 - - OPTIONS /admin/location?offset=0 204 0 - 0.148 ms[39m
[35m[39m
2022-03-25 20:12:16:1216 [35mhttp[39m: [35m::1 - - GET /admin/location?offset=0 200 1159 - 48.405 ms[39m
[35m[39m
2022-03-25 20:12:24:1224 [35mhttp[39m: [35m::1 - - OPTIONS /admin/order?offset=0 204 0 - 0.103 ms[39m
[35m[39m
2022-03-25 20:12:24:1224 [35mhttp[39m: [35m::1 - - OPTIONS /admin/order?offset=0 204 0 - 0.105 ms[39m
[35m[39m
2022-03-25 20:12:24:1224 [35mhttp[39m: [35m::1 - - GET /admin/order?offset=0 200 682 - 44.385 ms[39m
[35m[39m
2022-03-25 20:12:24:1224 [35mhttp[39m: [35m::1 - - GET /admin/order?offset=0 304 - - 12.976 ms[39m
[35m[39m
2022-03-25 20:12:25:1225 [35mhttp[39m: [35m::1 - - OPTIONS /admin/customer?offset=0 204 0 - 0.111 ms[39m
[35m[39m
2022-03-25 20:12:25:1225 [35mhttp[39m: [35m::1 - - GET /admin/customer?offset=0 304 - - 9.361 ms[39m
[35m[39m
2022-03-25 20:12:31:1231 [35mhttp[39m: [35m::1 - - OPTIONS /admin/order?offset=0 204 0 - 0.096 ms[39m
[35m[39m
2022-03-25 20:12:31:1231 [35mhttp[39m: [35m::1 - - GET /admin/order?offset=0 304 - - 10.042 ms[39m
[35m[39m
2022-03-25 20:12:31:1231 [35mhttp[39m: [35m::1 - - GET /admin/order?offset=0 304 - - 7.504 ms[39m
[35m[39m
2022-03-25 20:12:34:1234 [35mhttp[39m: [35m::1 - - GET /admin/order?offset=0 304 - - 8.391 ms[39m
[35m[39m
2022-03-25 20:12:34:1234 [35mhttp[39m: [35m::1 - - GET /admin/order?offset=0 304 - - 36.432 ms[39m
[35m[39m
2022-03-25 20:12:58:1258 [35mhttp[39m: [35m::1 - - OPTIONS /admin/customer?offset=0 204 0 - 0.098 ms[39m
[35m[39m
2022-03-25 20:12:58:1258 [35mhttp[39m: [35m::1 - - GET /admin/customer?offset=0 304 - - 34.679 ms[39m
[35m[39m
2022-03-25 20:13:03:133 [35mhttp[39m: [35m::1 - - GET /admin/customer?offset=0 304 - - 8.845 ms[39m
[35m[39m
2022-03-25 20:13:11:1311 [35mhttp[39m: [35m::1 - - OPTIONS /admin/order?offset=0 204 0 - 0.089 ms[39m
[35m[39m
2022-03-25 20:13:11:1311 [35mhttp[39m: [35m::1 - - OPTIONS /admin/order?offset=0 204 0 - 0.107 ms[39m
[35m[39m
2022-03-25 20:13:11:1311 [35mhttp[39m: [35m::1 - - GET /admin/order?offset=0 304 - - 15.909 ms[39m
[35m[39m
2022-03-25 20:13:11:1311 [35mhttp[39m: [35m::1 - - GET /admin/order?offset=0 304 - - 29.045 ms[39m
[35m[39m
2022-03-25 20:13:21:1321 [35mhttp[39m: [35m::1 - - OPTIONS /admin/car?offset=0 204 0 - 0.096 ms[39m
[35m[39m
2022-03-25 20:13:21:1321 [35mhttp[39m: [35m::1 - - GET /admin/car?offset=0 200 1694 - 45.926 ms[39m
[35m[39m
2022-03-25 20:13:29:1329 [35mhttp[39m: [35m::1 - - OPTIONS /admin/location?offset=0 204 0 - 0.120 ms[39m
[35m[39m
2022-03-25 20:13:29:1329 [35mhttp[39m: [35m::1 - - GET /admin/location?offset=0 304 - - 16.534 ms[39m
[35m[39m
2022-03-25 20:13:46:1346 [35mhttp[39m: [35m::1 - - OPTIONS /admin/customer?offset=0 204 0 - 0.166 ms[39m
[35m[39m
2022-03-25 20:13:46:1346 [35mhttp[39m: [35m::1 - - GET /admin/customer?offset=0 304 - - 12.752 ms[39m
[35m[39m
2022-03-26 09:21:51:2151 [35mhttp[39m: [35m::1 - - GET /search-car/location 304 - - 973.934 ms[39m
[35m[39m
