::1 - - [23/Feb/2022:03:47:57 +0000] "GET /users/me HTTP/1.1" 200 128 "-" "PostmanRuntime/7.29.0"
::1 - - [23/Feb/2022:08:02:57 +0000] "GET /users/facebook HTTP/1.1" 302 0 "-" "PostmanRuntime/7.29.0"
::1 - - [23/Feb/2022:08:08:27 +0000] "GET /users/facebook/callback HTTP/1.1" 302 0 "-" "PostmanRuntime/7.29.0"
::1 - - [23/Feb/2022:08:32:10 +0000] "GET /users/facebook/ HTTP/1.1" 302 0 "-" "PostmanRuntime/7.29.0"
::1 - - [23/Feb/2022:08:32:15 +0000] "GET /users/google HTTP/1.1" 302 0 "-" "PostmanRuntime/7.29.0"
::1 - - [23/Feb/2022:08:33:12 +0000] "POST /users/facebook/ HTTP/1.1" 404 47 "-" "PostmanRuntime/7.29.0"
::1 - - [23/Feb/2022:13:47:59 +0000] "POST /users/login HTTP/1.1" 200 334 "-" "PostmanRuntime/7.29.0"
::1 - - [23/Feb/2022:13:48:18 +0000] "GET /users/me HTTP/1.1" 302 0 "-" "PostmanRuntime/7.29.0"
::1 - - [23/Feb/2022:13:49:42 +0000] "GET /users/me HTTP/1.1" 200 128 "-" "PostmanRuntime/7.29.0"
::1 - - [23/Feb/2022:13:49:54 +0000] "GET /users/me HTTP/1.1" 302 0 "-" "PostmanRuntime/7.29.0"
::1 - - [23/Feb/2022:14:13:59 +0000] "GET /users/google HTTP/1.1" 302 0 "http://localhost:3000/" "Mozilla/5.0 (Windows NT 10.0; Win64; x64) AppleWebKit/537.36 (KHTML, like Gecko) Chrome/98.0.4758.102 Safari/537.36"
::1 - - [23/Feb/2022:14:14:58 +0000] "GET /users/google HTTP/1.1" 302 0 "http://localhost:3000/" "Mozilla/5.0 (Windows NT 10.0; Win64; x64) AppleWebKit/537.36 (KHTML, like Gecko) Chrome/98.0.4758.102 Safari/537.36"
::1 - - [23/Feb/2022:14:16:34 +0000] "GET /users/google HTTP/1.1" 302 0 "http://localhost:3000/" "Mozilla/5.0 (Windows NT 10.0; Win64; x64) AppleWebKit/537.36 (KHTML, like Gecko) Chrome/98.0.4758.102 Safari/537.36"
::ffff:127.0.0.1 - - [23/Feb/2022:14:17:44 +0000] "GET /users/google HTTP/1.1" 302 0 "http://localhost:3000/" "Mozilla/5.0 (Windows NT 10.0; Win64; x64) AppleWebKit/537.36 (KHTML, like Gecko) Chrome/98.0.4758.102 Safari/537.36"
::ffff:127.0.0.1 - - [23/Feb/2022:14:18:14 +0000] "GET /users/google/callback?code=4%2F0AX4XfWhu2I9s5ydNq81BWZT6xm3jHZZKypaKt_rYiGopaZhHK1ixMnOuDXr8ZgfOD1puWA&scope=email+profile+https%3A%2F%2Fwww.googleapis.com%2Fauth%2Fuserinfo.profile+https%3A%2F%2Fwww.googleapis.com%2Fauth%2Fuserinfo.email+openid&authuser=0&prompt=consent HTTP/1.1" 500 43 "-" "Mozilla/5.0 (Windows NT 10.0; Win64; x64) AppleWebKit/537.36 (KHTML, like Gecko) Chrome/98.0.4758.102 Safari/537.36"
::ffff:127.0.0.1 - - [23/Feb/2022:14:18:14 +0000] "GET /favicon.ico HTTP/1.1" 404 47 "-" "Mozilla/5.0 (Windows NT 10.0; Win64; x64) AppleWebKit/537.36 (KHTML, like Gecko) Chrome/98.0.4758.102 Safari/537.36"
::1 - - [23/Feb/2022:14:20:13 +0000] "GET /users/google HTTP/1.1" 302 0 "http://localhost:3000/" "Mozilla/5.0 (Windows NT 10.0; Win64; x64) AppleWebKit/537.36 (KHTML, like Gecko) Chrome/98.0.4758.102 Safari/537.36"
::1 - - [23/Feb/2022:14:20:18 +0000] "GET /users/google/callback?code=4%2F0AX4XfWjzBVNrGZJ1BUdT6MebJXhF2z-cfZ4JCOwhSJ8JITYP-Xod77bPlPNnUguw1uVTHw&scope=email+profile+https%3A%2F%2Fwww.googleapis.com%2Fauth%2Fuserinfo.profile+https%3A%2F%2Fwww.googleapis.com%2Fauth%2Fuserinfo.email+openid&authuser=0&prompt=consent HTTP/1.1" 500 39 "-" "Mozilla/5.0 (Windows NT 10.0; Win64; x64) AppleWebKit/537.36 (KHTML, like Gecko) Chrome/98.0.4758.102 Safari/537.36"
::1 - - [23/Feb/2022:14:22:37 +0000] "GET /users/google HTTP/1.1" 302 0 "http://localhost:3000/" "Mozilla/5.0 (Windows NT 10.0; Win64; x64) AppleWebKit/537.36 (KHTML, like Gecko) Chrome/98.0.4758.102 Safari/537.36"
::1 - - [23/Feb/2022:14:22:43 +0000] "GET /users/google/callback?code=4%2F0AX4XfWgvP12r6ED1ZZejwJAEPzzZYGuKfXEUj7db9tKNGDLgE7Vl5LLLZ9Ix1a3H6CkIrA&scope=email+profile+https%3A%2F%2Fwww.googleapis.com%2Fauth%2Fuserinfo.profile+https%3A%2F%2Fwww.googleapis.com%2Fauth%2Fuserinfo.email+openid&authuser=0&prompt=consent HTTP/1.1" 500 39 "-" "Mozilla/5.0 (Windows NT 10.0; Win64; x64) AppleWebKit/537.36 (KHTML, like Gecko) Chrome/98.0.4758.102 Safari/537.36"
::1 - - [23/Feb/2022:14:25:56 +0000] "GET /users/google/callback?code=4%2F0AX4XfWiAJg5EKaAMxvNQXGvoTBXIp7-d0nXL07on9KUcbMo6H6CVLk3qkGuDGKD-3OnNkA&scope=email+profile+https%3A%2F%2Fwww.googleapis.com%2Fauth%2Fuserinfo.profile+https%3A%2F%2Fwww.googleapis.com%2Fauth%2Fuserinfo.email+openid&authuser=0&prompt=consent HTTP/1.1" 500 25 "-" "Mozilla/5.0 (Windows NT 10.0; Win64; x64) AppleWebKit/537.36 (KHTML, like Gecko) Chrome/98.0.4758.102 Safari/537.36"
::1 - - [23/Feb/2022:14:26:19 +0000] "GET /users/google HTTP/1.1" 302 0 "http://localhost:3000/" "Mozilla/5.0 (Windows NT 10.0; Win64; x64) AppleWebKit/537.36 (KHTML, like Gecko) Chrome/98.0.4758.102 Safari/537.36"
::1 - - [23/Feb/2022:14:26:23 +0000] "GET /users/google/callback?code=4%2F0AX4XfWi2MxZ2vlor7ROcYWeTbvdWs7JxzGAuq5ho0lZ6Y-IcMEKib1GPcQPzin-4DUYKHw&scope=email+profile+https%3A%2F%2Fwww.googleapis.com%2Fauth%2Fuserinfo.profile+https%3A%2F%2Fwww.googleapis.com%2Fauth%2Fuserinfo.email+openid&authuser=0&prompt=consent HTTP/1.1" 500 25 "-" "Mozilla/5.0 (Windows NT 10.0; Win64; x64) AppleWebKit/537.36 (KHTML, like Gecko) Chrome/98.0.4758.102 Safari/537.36"
::1 - - [23/Feb/2022:14:28:51 +0000] "GET /users/google HTTP/1.1" 302 0 "http://localhost:3000/" "Mozilla/5.0 (Windows NT 10.0; Win64; x64) AppleWebKit/537.36 (KHTML, like Gecko) Chrome/98.0.4758.102 Safari/537.36"
::1 - - [23/Feb/2022:14:28:51 +0000] "GET /users/google/callback?code=4%2F0AX4XfWizdHnq6DBhhlXn9AstGFtUot4393SQ311mdsDDFPt311pZ9Xyee_wQ5-13vSWNJA&scope=profile+https%3A%2F%2Fwww.googleapis.com%2Fauth%2Fuserinfo.profile HTTP/1.1" 500 25 "-" "Mozilla/5.0 (Windows NT 10.0; Win64; x64) AppleWebKit/537.36 (KHTML, like Gecko) Chrome/98.0.4758.102 Safari/537.36"
::1 - - [23/Feb/2022:14:29:21 +0000] "GET /users/google HTTP/1.1" 302 0 "http://localhost:3000/" "Mozilla/5.0 (Windows NT 10.0; Win64; x64) AppleWebKit/537.36 (KHTML, like Gecko) Chrome/98.0.4758.102 Safari/537.36"
::1 - - [23/Feb/2022:14:29:22 +0000] "GET /users/google/callback?code=4%2F0AX4XfWiavHzs1MWKLnC8cNFwoetcxzpu8zGvpBLR5u9M4r25inF02JqAtDMYn3uKSetILQ&scope=profile+https%3A%2F%2Fwww.googleapis.com%2Fauth%2Fuserinfo.profile HTTP/1.1" 500 25 "-" "Mozilla/5.0 (Windows NT 10.0; Win64; x64) AppleWebKit/537.36 (KHTML, like Gecko) Chrome/98.0.4758.102 Safari/537.36"
::1 - - [23/Feb/2022:14:29:57 +0000] "GET /users/google HTTP/1.1" 302 0 "http://localhost:3000/" "Mozilla/5.0 (Windows NT 10.0; Win64; x64) AppleWebKit/537.36 (KHTML, like Gecko) Chrome/98.0.4758.102 Safari/537.36"
::1 - - [23/Feb/2022:14:30:02 +0000] "GET /users/google/callback?code=4%2F0AX4XfWjzOwi2XXzv5CbMXQ8rm9rdGjSYH46o64LnJpogGcttWhyzlvhyORvJ9JpZyBOkSA&scope=email+https%3A%2F%2Fwww.googleapis.com%2Fauth%2Fuserinfo.email+openid&authuser=0&prompt=consent HTTP/1.1" 500 25 "-" "Mozilla/5.0 (Windows NT 10.0; Win64; x64) AppleWebKit/537.36 (KHTML, like Gecko) Chrome/98.0.4758.102 Safari/537.36"
::1 - - [23/Feb/2022:14:30:22 +0000] "GET /users/google/callback?code=4%2F0AX4XfWjzOwi2XXzv5CbMXQ8rm9rdGjSYH46o64LnJpogGcttWhyzlvhyORvJ9JpZyBOkSA&scope=email+https%3A%2F%2Fwww.googleapis.com%2Fauth%2Fuserinfo.email+openid&authuser=0&prompt=consent HTTP/1.1" 500 25 "-" "Mozilla/5.0 (Windows NT 10.0; Win64; x64) AppleWebKit/537.36 (KHTML, like Gecko) Chrome/98.0.4758.102 Safari/537.36"
::1 - - [23/Feb/2022:14:30:32 +0000] "GET /users/google HTTP/1.1" 302 0 "http://localhost:3000/" "Mozilla/5.0 (Windows NT 10.0; Win64; x64) AppleWebKit/537.36 (KHTML, like Gecko) Chrome/98.0.4758.102 Safari/537.36"
::1 - - [23/Feb/2022:14:30:40 +0000] "GET /users/google/callback?code=4%2F0AX4XfWiys6-2Z9tw2fFHt4Ia8EkQoUw3_2xlyO5PGhA-FnFgxc26i0dee4bQuBn4_gWWmw&scope=email+https%3A%2F%2Fwww.googleapis.com%2Fauth%2Fuserinfo.email+openid&authuser=0&prompt=consent HTTP/1.1" 500 25 "-" "Mozilla/5.0 (Windows NT 10.0; Win64; x64) AppleWebKit/537.36 (KHTML, like Gecko) Chrome/98.0.4758.102 Safari/537.36"
::1 - - [23/Feb/2022:14:31:37 +0000] "GET /users/google HTTP/1.1" 302 0 "http://localhost:3000/" "Mozilla/5.0 (Windows NT 10.0; Win64; x64) AppleWebKit/537.36 (KHTML, like Gecko) Chrome/98.0.4758.102 Safari/537.36"
::1 - - [23/Feb/2022:14:34:05 +0000] "GET /users/google HTTP/1.1" 302 0 "http://localhost:3000/" "Mozilla/5.0 (Windows NT 10.0; Win64; x64) AppleWebKit/537.36 (KHTML, like Gecko) Chrome/98.0.4758.102 Safari/537.36"
::1 - - [23/Feb/2022:14:34:09 +0000] "GET /users/google/callback?code=4%2F0AX4XfWhspgo_shwLE7DziqV_JKtAzZ_hcriqWsNGJpoW7kWFrfcBPpBSZoCf6s1LRYWkhw&scope=email+https%3A%2F%2Fwww.googleapis.com%2Fauth%2Fuserinfo.email+openid&authuser=0&prompt=consent HTTP/1.1" 201 41 "-" "Mozilla/5.0 (Windows NT 10.0; Win64; x64) AppleWebKit/537.36 (KHTML, like Gecko) Chrome/98.0.4758.102 Safari/537.36"
::1 - - [23/Feb/2022:14:37:23 +0000] "GET /users/google HTTP/1.1" 302 0 "http://localhost:3000/" "Mozilla/5.0 (Windows NT 10.0; Win64; x64) AppleWebKit/537.36 (KHTML, like Gecko) Chrome/98.0.4758.102 Safari/537.36"
::1 - - [23/Feb/2022:14:39:50 +0000] "GET /users/google/callback?code=4%2F0AX4XfWjYLx2Imso8kDNy-M9Ba-unnLaKy1nFToeJk44W4qx0UjEs-Hs9NNXB55DnD58wjg&scope=email+https%3A%2F%2Fwww.googleapis.com%2Fauth%2Fuserinfo.email+openid&authuser=0&prompt=consent HTTP/1.1" - - "-" "Mozilla/5.0 (Windows NT 10.0; Win64; x64) AppleWebKit/537.36 (KHTML, like Gecko) Chrome/98.0.4758.102 Safari/537.36"
::1 - - [24/Feb/2022:02:05:46 +0000] "POST /users/login HTTP/1.1" 200 334 "-" "PostmanRuntime/7.29.0"
::1 - - [24/Feb/2022:02:06:28 +0000] "GET /users/me HTTP/1.1" - - "-" "PostmanRuntime/7.29.0"
::1 - - [24/Feb/2022:02:08:06 +0000] "GET /users/me HTTP/1.1" - - "-" "PostmanRuntime/7.29.0"
::1 - - [24/Feb/2022:02:09:29 +0000] "POST /users/login HTTP/1.1" 200 334 "-" "PostmanRuntime/7.29.0"
::1 - - [24/Feb/2022:02:09:41 +0000] "GET /users/me HTTP/1.1" 500 39 "-" "PostmanRuntime/7.29.0"
::1 - - [24/Feb/2022:02:11:34 +0000] "POST /users/login HTTP/1.1" 200 334 "-" "PostmanRuntime/7.29.0"
::1 - - [24/Feb/2022:02:11:50 +0000] "GET /users/me HTTP/1.1" 500 80 "-" "PostmanRuntime/7.29.0"
::1 - - [24/Feb/2022:02:15:27 +0000] "GET /users/me HTTP/1.1" 500 80 "-" "PostmanRuntime/7.29.0"
::1 - - [24/Feb/2022:02:24:12 +0000] "POST /users/login HTTP/1.1" - - "-" "PostmanRuntime/7.29.0"
::1 - - [24/Feb/2022:02:24:58 +0000] "POST /users/login HTTP/1.1" 200 334 "-" "PostmanRuntime/7.29.0"
::1 - - [24/Feb/2022:02:25:48 +0000] "POST /users/login HTTP/1.1" 200 334 "-" "PostmanRuntime/7.29.0"
::1 - - [24/Feb/2022:02:27:16 +0000] "GET /users/me HTTP/1.1" - - "-" "PostmanRuntime/7.29.0"
::1 - - [24/Feb/2022:02:27:34 +0000] "POST /users/login HTTP/1.1" 200 334 "-" "PostmanRuntime/7.29.0"
::1 - - [24/Feb/2022:02:29:41 +0000] "POST /users/login HTTP/1.1" 200 334 "-" "PostmanRuntime/7.29.0"
::1 - - [24/Feb/2022:02:29:54 +0000] "GET /users/me HTTP/1.1" 200 128 "-" "PostmanRuntime/7.29.0"
::1 - - [24/Feb/2022:02:39:11 +0000] "POST /users/login HTTP/1.1" 200 334 "-" "PostmanRuntime/7.29.0"
::1 - - [24/Feb/2022:02:42:53 +0000] "GET /users/me HTTP/1.1" - - "-" "PostmanRuntime/7.29.0"
::1 - - [24/Feb/2022:02:44:26 +0000] "GET /users/me HTTP/1.1" - - "-" "PostmanRuntime/7.29.0"
::1 - - [24/Feb/2022:02:44:39 +0000] "POST /users/login HTTP/1.1" 200 334 "-" "PostmanRuntime/7.29.0"
::1 - - [24/Feb/2022:02:44:47 +0000] "GET /users/me HTTP/1.1" - - "-" "PostmanRuntime/7.29.0"
::1 - - [24/Feb/2022:02:48:59 +0000] "POST /users/login HTTP/1.1" 200 334 "-" "PostmanRuntime/7.29.0"
::1 - - [24/Feb/2022:02:58:32 +0000] "GET /users/me HTTP/1.1" - - "-" "PostmanRuntime/7.29.0"
::1 - - [24/Feb/2022:03:04:20 +0000] "POST /users/login HTTP/1.1" 200 334 "-" "PostmanRuntime/7.29.0"
::1 - - [24/Feb/2022:03:22:24 +0000] "GET /users/me HTTP/1.1" - - "-" "PostmanRuntime/7.29.0"
::1 - - [24/Feb/2022:03:27:48 +0000] "POST /users/login HTTP/1.1" 200 334 "-" "PostmanRuntime/7.29.0"
::1 - - [24/Feb/2022:03:50:26 +0000] "POST /users/login HTTP/1.1" 200 334 "-" "PostmanRuntime/7.29.0"
::1 - - [24/Feb/2022:04:01:32 +0000] "POST /users/login HTTP/1.1" 200 334 "-" "PostmanRuntime/7.29.0"
::1 - - [24/Feb/2022:04:01:42 +0000] "GET /users/me HTTP/1.1" 500 53 "-" "PostmanRuntime/7.29.0"
::1 - - [24/Feb/2022:04:02:25 +0000] "POST /users/login HTTP/1.1" 200 334 "-" "PostmanRuntime/7.29.0"
::1 - - [24/Feb/2022:04:02:36 +0000] "GET /users/me HTTP/1.1" 500 33 "-" "PostmanRuntime/7.29.0"
::1 - - [24/Feb/2022:04:04:11 +0000] "POST /users/login HTTP/1.1" 200 334 "-" "PostmanRuntime/7.29.0"
::1 - - [24/Feb/2022:04:04:19 +0000] "GET /users/me HTTP/1.1" 200 128 "-" "PostmanRuntime/7.29.0"
::1 - - [24/Feb/2022:04:10:29 +0000] "GET /users/google HTTP/1.1" 302 0 "http://localhost:3000/" "Mozilla/5.0 (Windows NT 10.0; Win64; x64) AppleWebKit/537.36 (KHTML, like Gecko) Chrome/98.0.4758.102 Safari/537.36 Edg/98.0.1108.56"
::1 - - [24/Feb/2022:04:10:47 +0000] "GET /users/google HTTP/1.1" 302 0 "http://localhost:3000/" "Mozilla/5.0 (Windows NT 10.0; Win64; x64) AppleWebKit/537.36 (KHTML, like Gecko) Chrome/98.0.4758.102 Safari/537.36"
::1 - - [24/Feb/2022:04:11:17 +0000] "GET /users/google/callback?code=4%2F0AX4XfWiJlEiBPGDXlNml8m9MclcrQSLresoYMQLDzy--_j9B5s7gmslhzNX2SzpaWMBPWg&scope=email+https%3A%2F%2Fwww.googleapis.com%2Fauth%2Fuserinfo.email+openid&authuser=0&prompt=consent HTTP/1.1" 500 43 "-" "Mozilla/5.0 (Windows NT 10.0; Win64; x64) AppleWebKit/537.36 (KHTML, like Gecko) Chrome/98.0.4758.102 Safari/537.36"
::1 - - [24/Feb/2022:04:11:18 +0000] "GET /favicon.ico HTTP/1.1" 404 47 "-" "Mozilla/5.0 (Windows NT 10.0; Win64; x64) AppleWebKit/537.36 (KHTML, like Gecko) Chrome/98.0.4758.102 Safari/537.36"
